<?xml version="1.0" encoding="UTF-8"?>
<!-- Generated by org.testng.reporters.JUnitReportReporter -->
<testsuite hostname="QT-INNO-LT1384" failures="0" tests="1" name="selenium.HandlingToastMessages" time="12.582" errors="0" timestamp="2022-06-13T15:12:39 IST" skipped="0">
  <testcase classname="selenium.HandlingToastMessages" name="ToastMessages" time="12.582"/>
  <system-out/>
</testsuite> <!-- selenium.HandlingToastMessages -->
