<?xml version="1.0" encoding="UTF-8"?>
<!-- Generated by org.testng.reporters.JUnitReportReporter -->
<testsuite hostname="QT-INNO-LT1384" failures="0" tests="1" name="selenium.ToastMessagesToolTip2" time="5.883" errors="0" timestamp="2022-06-13T15:07:07 IST" skipped="0">
  <testcase classname="selenium.ToastMessagesToolTip2" name="ToastMessage" time="5.883"/>
  <system-out/>
</testsuite> <!-- selenium.ToastMessagesToolTip2 -->
