<?xml version="1.0" encoding="UTF-8"?>
<!-- Generated by org.testng.reporters.JUnitReportReporter -->
<testsuite hostname="QT-INNO-LT1384" failures="0" tests="4" name="Selenium4.Features" time="41.866" errors="0" timestamp="2022-05-25T12:03:44 IST" skipped="0">
  <testcase classname="Selenium4.Features" name="Location" time="13.316"/>
  <system-out/>
  <testcase classname="Selenium4.Features" name="screenshotTest" time="6.102"/>
  <system-out/>
  <testcase classname="Selenium4.Features" name="openNewWindow" time="11.059"/>
  <system-out/>
  <testcase classname="Selenium4.Features" name="openNewTab" time="11.389"/>
  <system-out/>
</testsuite> <!-- Selenium4.Features -->
