<?xml version="1.0" encoding="UTF-8"?>
<!-- Generated by org.testng.reporters.JUnitReportReporter -->
<testsuite hostname="QT-INNO-LT1384" failures="0" tests="1" name="Assertions.Assertions1" time="1.102" errors="0" timestamp="2022-03-25T13:33:21 IST" skipped="0">
  <testcase classname="Assertions.Assertions1" name="verifyTitle" time="1.102"/>
  <system-out/>
</testsuite> <!-- Assertions.Assertions1 -->
