<?xml version="1.0" encoding="UTF-8"?>
<!-- Generated by org.testng.reporters.JUnitReportReporter -->
<testsuite hostname="QT-INNO-LT1384" failures="0" tests="1" name="Task.Task1" time="0.916" errors="0" timestamp="2022-03-22T12:10:06 IST" skipped="0">
  <testcase classname="Task.Task1" name="verifyTitle" time="0.916"/>
  <system-out/>
</testsuite> <!-- Task.Task1 -->
