<?xml version="1.0" encoding="UTF-8"?>
<!-- Generated by org.testng.reporters.JUnitReportReporter -->
<testsuite hostname="QT-INNO-LT1384" failures="0" tests="1" name="selenium.ScrollDown" time="7.907" errors="0" timestamp="2022-05-23T14:59:50 IST" skipped="0">
  <testcase classname="selenium.ScrollDown" name="ByVisibleElement" time="7.907"/>
  <system-out/>
</testsuite> <!-- selenium.ScrollDown -->
