<?xml version="1.0" encoding="UTF-8"?>
<!-- Generated by org.testng.reporters.JUnitReportReporter -->
<testsuite hostname="QT-INNO-LT1384" failures="0" tests="3" name="TestNG.InvocationTest" time="22.336" errors="0" timestamp="2022-06-14T10:33:27 IST" skipped="0">
  <testcase classname="TestNG.InvocationTest" name="testmethod1" time="6.387"/>
  <system-out/>
  <testcase classname="TestNG.InvocationTest" name="testmethod1" time="6.292"/>
  <system-out/>
  <testcase classname="TestNG.InvocationTest" name="testmethod1" time="9.657"/>
  <system-out/>
</testsuite> <!-- TestNG.InvocationTest -->
