<?xml version="1.0" encoding="UTF-8"?>
<!-- Generated by org.testng.reporters.JUnitReportReporter -->
<testsuite hostname="QT-INNO-LT1384" failures="0" tests="7" name="TestNG.InvocationClass" time="0.016" errors="0" timestamp="2022-06-14T10:20:39 IST" skipped="0">
  <testcase classname="TestNG.InvocationClass" name="Test04" time="0.001"/>
  <system-out/>
  <testcase classname="TestNG.InvocationClass" name="Test03" time="0.001"/>
  <system-out/>
  <testcase classname="TestNG.InvocationClass" name="Test03" time="0.001"/>
  <system-out/>
  <testcase classname="TestNG.InvocationClass" name="Test02" time="0.010"/>
  <system-out/>
  <testcase classname="TestNG.InvocationClass" name="Test03" time="0.002"/>
  <system-out/>
  <testcase classname="TestNG.InvocationClass" name="Test03" time="0.001"/>
  <system-out/>
  <testcase classname="TestNG.InvocationClass" name="Test03" time="0.000"/>
  <system-out/>
</testsuite> <!-- TestNG.InvocationClass -->
